0 info it worked if it ends with ok
1 verbose cli [ '/home/rafael/.nvm/versions/node/v7.2.0/bin/node',
1 verbose cli   '/home/rafael/.nvm/versions/node/v7.2.0/bin/npm',
1 verbose cli   'run',
1 verbose cli   'dev' ]
2 info using npm@3.10.9
3 info using node@v7.2.0
4 verbose run-script [ 'predev', 'dev', 'postdev' ]
5 info lifecycle phaser3-typescript@1.2.2~predev: phaser3-typescript@1.2.2
6 silly lifecycle phaser3-typescript@1.2.2~predev: no script for predev, continuing
7 info lifecycle phaser3-typescript@1.2.2~dev: phaser3-typescript@1.2.2
8 verbose lifecycle phaser3-typescript@1.2.2~dev: unsafe-perm in lifecycle true
9 verbose lifecycle phaser3-typescript@1.2.2~dev: PATH: /home/rafael/.nvm/versions/node/v7.2.0/lib/node_modules/npm/bin/node-gyp-bin:/home/rafael/web/space-invaders-genetic-ia/node_modules/.bin:/home/rafael/.rvm/gems/ruby-2.2.10/bin:/home/rafael/.rvm/gems/ruby-2.2.10@global/bin:/home/rafael/.rvm/rubies/ruby-2.2.10/bin:/home/rafael/.nvm/versions/node/v7.2.0/bin:/usr/local/bin:/usr/local/sbin:/usr/bin:/usr/lib/jvm/default/bin:/usr/bin/site_perl:/usr/bin/vendor_perl:/usr/bin/core_perl:/home/rafael/.rvm/bin:/usr/lib/jvm/default/bin:/usr/bin/site_perl:/usr/bin/vendor_perl:/usr/bin/core_perl:/home/rafael/.rvm/bin:/home/rafael/Android/Sdk/tools:/home/rafael/Android/Sdk/platform-tools
10 verbose lifecycle phaser3-typescript@1.2.2~dev: CWD: /home/rafael/web/space-invaders-genetic-ia
11 silly lifecycle phaser3-typescript@1.2.2~dev: Args: [ '-c',
11 silly lifecycle   'webpack --mode development && webpack-dev-server --mode development' ]
12 info lifecycle phaser3-typescript@1.2.2~dev: Failed to exec dev script
13 verbose stack Error: phaser3-typescript@1.2.2 dev: `webpack --mode development && webpack-dev-server --mode development`
13 verbose stack spawn ENOENT
13 verbose stack     at ChildProcess.<anonymous> (/home/rafael/.nvm/versions/node/v7.2.0/lib/node_modules/npm/lib/utils/spawn.js:33:16)
13 verbose stack     at emitTwo (events.js:106:13)
13 verbose stack     at ChildProcess.emit (events.js:191:7)
13 verbose stack     at maybeClose (internal/child_process.js:885:16)
13 verbose stack     at Process.ChildProcess._handle.onexit (internal/child_process.js:226:5)
14 verbose pkgid phaser3-typescript@1.2.2
15 verbose cwd /home/rafael/web/space-invaders-genetic-ia
16 error Linux 4.14.85-1-MANJARO
17 error argv "/home/rafael/.nvm/versions/node/v7.2.0/bin/node" "/home/rafael/.nvm/versions/node/v7.2.0/bin/npm" "run" "dev"
18 error node v7.2.0
19 error npm  v3.10.9
20 error file sh
21 error code ELIFECYCLE
22 error errno ENOENT
23 error syscall spawn
24 error phaser3-typescript@1.2.2 dev: `webpack --mode development && webpack-dev-server --mode development`
24 error spawn ENOENT
25 error Failed at the phaser3-typescript@1.2.2 dev script 'webpack --mode development && webpack-dev-server --mode development'.
25 error Make sure you have the latest version of node.js and npm installed.
25 error If you do, this is most likely a problem with the phaser3-typescript package,
25 error not with npm itself.
25 error Tell the author that this fails on your system:
25 error     webpack --mode development && webpack-dev-server --mode development
25 error You can get information on how to open an issue for this project with:
25 error     npm bugs phaser3-typescript
25 error Or if that isn't available, you can get their info via:
25 error     npm owner ls phaser3-typescript
25 error There is likely additional logging output above.
26 verbose exit [ 1, true ]
